build/app/intermediates/manifest_merge_blame_file/release/manifest-merger-blame-release-report.txt
1<?xml version="1.0" encoding="utf-8"?>
2<manifest xmlns:android="http://schemas.android.com/apk/res/android"
3    package="com.fluttertheme.flutter_theme"
4    android:versionCode="28"
5    android:versionName="1.1.0" >
6
7    <uses-sdk
8        android:minSdkVersion="24"
8-->src/main/AndroidManifest.xml
9        android:targetSdkVersion="34" />
9-->src/main/AndroidManifest.xml
10
11    <uses-feature
11-->src/main/AndroidManifest.xml:4:5-6:36
12        android:name="android.hardware.camera"
12-->src/main/AndroidManifest.xml:5:9-47
13        android:required="false" />
13-->src/main/AndroidManifest.xml:6:9-33
14
15    <uses-permission android:name="android.permission.INTERNET" />
15-->src/main/AndroidManifest.xml:8:5-67
15-->src/main/AndroidManifest.xml:8:22-64
16    <uses-permission android:name="android.permission.READ_CONTACTS" />
16-->src/main/AndroidManifest.xml:9:5-72
16-->src/main/AndroidManifest.xml:9:22-69
17    <uses-permission android:name="android.permission.WRITE_CONTACTS" />
17-->src/main/AndroidManifest.xml:10:5-73
17-->src/main/AndroidManifest.xml:10:22-70
18    <uses-permission android:name="android.permission.WRITE_EXTERNAL_STORAGE" />
18-->src/main/AndroidManifest.xml:11:5-81
18-->src/main/AndroidManifest.xml:11:22-78
19    <uses-permission
19-->src/main/AndroidManifest.xml:12:5-80
20        android:name="android.permission.READ_EXTERNAL_STORAGE"
20-->src/main/AndroidManifest.xml:12:22-77
21        android:maxSdkVersion="32" />
21-->[:file_picker] AndroidManifest.xml:9:9-35
22    <uses-permission android:name="android.permission.ACCESS_NETWORK_STATE" />
22-->src/main/AndroidManifest.xml:13:5-79
22-->src/main/AndroidManifest.xml:13:22-76
23    <uses-permission android:name="android.permission.ACCESS_FINE_LOCATION" />
23-->src/main/AndroidManifest.xml:14:5-79
23-->src/main/AndroidManifest.xml:14:22-76
24    <uses-permission android:name="android.permission.ACCESS_COARSE_LOCATION" />
24-->src/main/AndroidManifest.xml:15:5-81
24-->src/main/AndroidManifest.xml:15:22-78
25    <uses-permission android:name="android.permission.RECORD_AUDIO" />
25-->src/main/AndroidManifest.xml:16:5-71
25-->src/main/AndroidManifest.xml:16:22-68
26    <uses-permission android:name="android.permission.READ_MEDIA_IMAGES" />
26-->src/main/AndroidManifest.xml:17:5-76
26-->src/main/AndroidManifest.xml:17:22-73
27    <uses-permission android:name="android.permission.READ_MEDIA_VIDEO" />
27-->src/main/AndroidManifest.xml:18:5-75
27-->src/main/AndroidManifest.xml:18:22-72
28    <uses-permission android:name="android.permission.READ_PHONE_STATE" />
28-->src/main/AndroidManifest.xml:19:5-75
28-->src/main/AndroidManifest.xml:19:22-72
29    <uses-permission android:name="android.permission.BLUETOOTH" />
29-->src/main/AndroidManifest.xml:20:5-68
29-->src/main/AndroidManifest.xml:20:22-65
30    <uses-permission android:name="android.permission.INTERNET" />
30-->src/main/AndroidManifest.xml:8:5-67
30-->src/main/AndroidManifest.xml:8:22-64
31    <uses-permission android:name="android.permission.CAMERA" />
31-->src/main/AndroidManifest.xml:22:5-65
31-->src/main/AndroidManifest.xml:22:22-62
32    <uses-permission android:name="android.permission.MODIFY_AUDIO_SETTINGS" />
32-->src/main/AndroidManifest.xml:23:5-80
32-->src/main/AndroidManifest.xml:23:22-77
33    <uses-permission android:name="android.permission.POST_NOTIFICATIONS" />
33-->src/main/AndroidManifest.xml:24:5-77
33-->src/main/AndroidManifest.xml:24:22-74
34    <uses-permission android:name="android.permission.ACCESS_WIFI_STATE" />
34-->src/main/AndroidManifest.xml:25:5-76
34-->src/main/AndroidManifest.xml:25:22-73
35    <uses-permission android:name="android.permission.WAKE_LOCK" />
35-->src/main/AndroidManifest.xml:26:5-68
35-->src/main/AndroidManifest.xml:26:22-65
36    <uses-permission android:name="android.permission.ACCESS_MEDIA_LOCATION" />
36-->src/main/AndroidManifest.xml:27:5-29:11
36-->src/main/AndroidManifest.xml:27:22-77
37    <uses-permission android:name="android.permission.USE_BIOMETRIC" />
37-->src/main/AndroidManifest.xml:30:5-72
37-->src/main/AndroidManifest.xml:30:22-69
38    <uses-permission android:name="android.permission.READ_PRIVILEGED_PHONE_STATE" />
38-->src/main/AndroidManifest.xml:31:5-32:47
38-->src/main/AndroidManifest.xml:31:22-83
39
40    <!-- Provide required visibility configuration for API level 30 and above -->
41    <queries>
41-->src/main/AndroidManifest.xml:36:5-47:15
42
43        <!-- If your app checks for SMS support -->
44        <intent>
44-->src/main/AndroidManifest.xml:38:9-41:18
45            <action android:name="android.intent.action.VIEW" />
45-->src/main/AndroidManifest.xml:39:13-65
45-->src/main/AndroidManifest.xml:39:21-62
46
47            <data android:scheme="sms" />
47-->src/main/AndroidManifest.xml:40:13-42
47-->src/main/AndroidManifest.xml:40:19-39
48        </intent>
49        <!-- If your app checks for call support -->
50        <intent>
50-->src/main/AndroidManifest.xml:43:9-46:18
51            <action android:name="android.intent.action.VIEW" />
51-->src/main/AndroidManifest.xml:39:13-65
51-->src/main/AndroidManifest.xml:39:21-62
52
53            <data android:scheme="tel" />
53-->src/main/AndroidManifest.xml:40:13-42
53-->src/main/AndroidManifest.xml:40:19-39
54        </intent>
55        <intent>
55-->[:file_picker] AndroidManifest.xml:12:9-16:18
56            <action android:name="android.intent.action.GET_CONTENT" />
56-->[:file_picker] AndroidManifest.xml:13:13-72
56-->[:file_picker] AndroidManifest.xml:13:21-69
57
58            <data android:mimeType="*/*" />
58-->src/main/AndroidManifest.xml:40:13-42
59        </intent>
60        <intent>
60-->[:contacts_service] AndroidManifest.xml:8:9-10:18
61            <action android:name="android.accounts.AccountAuthenticator" />
61-->[:contacts_service] AndroidManifest.xml:9:13-76
61-->[:contacts_service] AndroidManifest.xml:9:21-73
62        </intent> <!-- Allows the app to load an icon corresponding to the custom MIME type. -->
63        <intent>
63-->[:contacts_service] AndroidManifest.xml:12:9-19:18
64            <action android:name="android.intent.action.VIEW" />
64-->src/main/AndroidManifest.xml:39:13-65
64-->src/main/AndroidManifest.xml:39:21-62
65
66            <data
66-->src/main/AndroidManifest.xml:40:13-42
67                android:host="com.android.contacts"
68                android:mimeType="vnd.android.cursor.item/*"
69                android:scheme="content" />
69-->src/main/AndroidManifest.xml:40:19-39
70        </intent>
71
72        <package android:name="com.facebook.katana" /> <!-- For browser content -->
72-->[com.facebook.android:audience-network-sdk:6.16.0] AndroidManifest.xml:12:9-55
72-->[com.facebook.android:audience-network-sdk:6.16.0] AndroidManifest.xml:12:18-52
73        <intent>
73-->[com.google.android.gms:play-services-ads-lite:22.5.0] AndroidManifest.xml:38:9-44:18
74            <action android:name="android.intent.action.VIEW" />
74-->src/main/AndroidManifest.xml:39:13-65
74-->src/main/AndroidManifest.xml:39:21-62
75
76            <category android:name="android.intent.category.BROWSABLE" />
76-->src/main/AndroidManifest.xml:110:17-78
76-->src/main/AndroidManifest.xml:110:27-75
77
78            <data android:scheme="https" />
78-->src/main/AndroidManifest.xml:40:13-42
78-->src/main/AndroidManifest.xml:40:19-39
79        </intent> <!-- End of browser content -->
80        <!-- For CustomTabsService -->
81        <intent>
81-->[com.google.android.gms:play-services-ads-lite:22.5.0] AndroidManifest.xml:47:9-49:18
82            <action android:name="android.support.customtabs.action.CustomTabsService" />
82-->[com.google.android.gms:play-services-ads-lite:22.5.0] AndroidManifest.xml:48:13-90
82-->[com.google.android.gms:play-services-ads-lite:22.5.0] AndroidManifest.xml:48:21-87
83        </intent>
84        <intent>
84-->[androidx.media2:media2-session:1.2.1] AndroidManifest.xml:25:9-27:18
85            <action android:name="android.media.browse.MediaBrowserService" />
85-->[androidx.media2:media2-session:1.2.1] AndroidManifest.xml:26:13-79
85-->[androidx.media2:media2-session:1.2.1] AndroidManifest.xml:26:21-76
86        </intent>
87        <intent>
87-->[androidx.media2:media2-session:1.2.1] AndroidManifest.xml:28:9-30:18
88            <action android:name="androidx.media2.session.MediaSessionService" />
88-->[androidx.media2:media2-session:1.2.1] AndroidManifest.xml:29:13-82
88-->[androidx.media2:media2-session:1.2.1] AndroidManifest.xml:29:21-79
89        </intent>
90        <intent>
90-->[androidx.media2:media2-session:1.2.1] AndroidManifest.xml:31:9-33:18
91            <action android:name="androidx.media2.session.MediaLibraryService" />
91-->[androidx.media2:media2-session:1.2.1] AndroidManifest.xml:32:13-82
91-->[androidx.media2:media2-session:1.2.1] AndroidManifest.xml:32:21-79
92        </intent>
93    </queries>
94
95    <uses-permission android:name="android.permission.VIBRATE" />
95-->[:flutter_local_notifications] AndroidManifest.xml:7:5-66
95-->[:flutter_local_notifications] AndroidManifest.xml:7:22-63
96    <uses-permission android:name="android.permission.READ_MEDIA_AUDIO" />
96-->[:open_filex] AndroidManifest.xml:13:5-75
96-->[:open_filex] AndroidManifest.xml:13:22-72
97    <uses-permission android:name="com.google.android.gms.permission.AD_ID" />
97-->[com.google.android.gms:play-services-measurement-api:21.5.0] AndroidManifest.xml:25:5-79
97-->[com.google.android.gms:play-services-measurement-api:21.5.0] AndroidManifest.xml:25:22-76
98    <uses-permission android:name="android.permission.ACCESS_ADSERVICES_ATTRIBUTION" />
98-->[com.google.android.gms:play-services-measurement-api:21.5.0] AndroidManifest.xml:26:5-88
98-->[com.google.android.gms:play-services-measurement-api:21.5.0] AndroidManifest.xml:26:22-85
99    <uses-permission android:name="android.permission.ACCESS_ADSERVICES_AD_ID" /> <!-- Required by older versions of Google Play services to create IID tokens -->
99-->[com.google.android.gms:play-services-measurement-api:21.5.0] AndroidManifest.xml:27:5-82
99-->[com.google.android.gms:play-services-measurement-api:21.5.0] AndroidManifest.xml:27:22-79
100    <uses-permission android:name="com.google.android.c2dm.permission.RECEIVE" /> <!-- suppress DeprecatedClassUsageInspection -->
100-->[com.google.firebase:firebase-messaging:23.4.0] AndroidManifest.xml:26:5-82
100-->[com.google.firebase:firebase-messaging:23.4.0] AndroidManifest.xml:26:22-79
101    <uses-permission android:name="android.permission.USE_FINGERPRINT" />
101-->[androidx.biometric:biometric:1.1.0] AndroidManifest.xml:27:5-74
101-->[androidx.biometric:biometric:1.1.0] AndroidManifest.xml:27:22-71
102    <uses-permission android:name="android.permission.ACCESS_ADSERVICES_TOPICS" />
102-->[com.google.android.gms:play-services-ads-lite:22.5.0] AndroidManifest.xml:29:5-83
102-->[com.google.android.gms:play-services-ads-lite:22.5.0] AndroidManifest.xml:29:22-80
103    <uses-permission android:name="com.google.android.providers.gsf.permission.READ_GSERVICES" />
103-->[com.google.android.recaptcha:recaptcha:18.4.0] AndroidManifest.xml:9:5-98
103-->[com.google.android.recaptcha:recaptcha:18.4.0] AndroidManifest.xml:9:22-95
104    <uses-permission android:name="com.google.android.finsky.permission.BIND_GET_INSTALL_REFERRER_SERVICE" />
104-->[com.google.android.gms:play-services-measurement:21.5.0] AndroidManifest.xml:26:5-110
104-->[com.google.android.gms:play-services-measurement:21.5.0] AndroidManifest.xml:26:22-107
105    <uses-permission android:name="android.permission.FOREGROUND_SERVICE" />
105-->[androidx.work:work-runtime:2.7.0] AndroidManifest.xml:28:5-77
105-->[androidx.work:work-runtime:2.7.0] AndroidManifest.xml:28:22-74
106
107    <permission
107-->[androidx.core:core:1.10.1] AndroidManifest.xml:22:5-24:47
108        android:name="com.fluttertheme.flutter_theme.DYNAMIC_RECEIVER_NOT_EXPORTED_PERMISSION"
108-->[androidx.core:core:1.10.1] AndroidManifest.xml:23:9-81
109        android:protectionLevel="signature" />
109-->[androidx.core:core:1.10.1] AndroidManifest.xml:24:9-44
110
111    <uses-permission android:name="com.fluttertheme.flutter_theme.DYNAMIC_RECEIVER_NOT_EXPORTED_PERMISSION" />
111-->[androidx.core:core:1.10.1] AndroidManifest.xml:26:5-97
111-->[androidx.core:core:1.10.1] AndroidManifest.xml:26:22-94
112    <uses-permission android:name="android.permission.FOREGROUND_SERVICE_MEDIA_PROJECTION" />
112-->[io.agora.rtc:full-screen-sharing:4.2.6] AndroidManifest.xml:8:5-94
112-->[io.agora.rtc:full-screen-sharing:4.2.6] AndroidManifest.xml:8:22-91
113
114    <application
115        android:name="android.app.Application"
115-->src/main/AndroidManifest.xml:49:9-42
116        android:appComponentFactory="androidx.core.app.CoreComponentFactory"
116-->[androidx.core:core:1.10.1] AndroidManifest.xml:28:18-86
117        android:extractNativeLibs="false"
118        android:hardwareAccelerated="true"
118-->[:facebook_audience_network] AndroidManifest.xml:7:18-52
119        android:icon="@mipmap/ic_launcher"
119-->src/main/AndroidManifest.xml:50:9-43
120        android:label="Chatify"
120-->src/main/AndroidManifest.xml:52:9-32
121        android:usesCleartextTraffic="true" >
121-->src/main/AndroidManifest.xml:51:9-44
122        <activity
122-->src/main/AndroidManifest.xml:54:9-75:20
123            android:name="com.fluttertheme.flutter_theme.MainActivity"
123-->src/main/AndroidManifest.xml:55:13-41
124            android:configChanges="orientation|keyboardHidden|keyboard|screenSize|smallestScreenSize|locale|layoutDirection|fontScale|screenLayout|density|uiMode"
124-->src/main/AndroidManifest.xml:56:13-163
125            android:exported="true"
125-->src/main/AndroidManifest.xml:57:13-36
126            android:hardwareAccelerated="true"
126-->src/main/AndroidManifest.xml:58:13-47
127            android:launchMode="singleTop"
127-->src/main/AndroidManifest.xml:59:13-43
128            android:theme="@style/LaunchTheme"
128-->src/main/AndroidManifest.xml:60:13-47
129            android:windowSoftInputMode="adjustResize" >
129-->src/main/AndroidManifest.xml:61:13-55
130
131            <!--
132                 Specifies an Android theme to apply to this Activity as soon as
133                 the Android process has started. This theme is visible to the user
134                 while the Flutter UI initializes. After that, this theme continues
135                 to determine the Window background behind the Flutter UI.
136            -->
137            <meta-data
137-->src/main/AndroidManifest.xml:67:13-69:57
138                android:name="io.flutter.embedding.android.NormalTheme"
138-->src/main/AndroidManifest.xml:68:17-72
139                android:resource="@style/NormalTheme" />
139-->src/main/AndroidManifest.xml:69:17-54
140
141            <intent-filter>
141-->src/main/AndroidManifest.xml:70:13-73:29
142                <action android:name="android.intent.action.MAIN" />
142-->src/main/AndroidManifest.xml:71:17-69
142-->src/main/AndroidManifest.xml:71:25-66
143
144                <category android:name="android.intent.category.LAUNCHER" />
144-->src/main/AndroidManifest.xml:72:17-77
144-->src/main/AndroidManifest.xml:72:27-74
145            </intent-filter>
146        </activity>
147        <!--
148             Don't delete the meta-data below.
149             This is used by the Flutter tool to generate GeneratedPluginRegistrant.java
150        -->
151        <meta-data
151-->src/main/AndroidManifest.xml:78:9-80:33
152            android:name="flutterEmbedding"
152-->src/main/AndroidManifest.xml:79:13-44
153            android:value="2" />
153-->src/main/AndroidManifest.xml:80:13-30
154
155        <activity
155-->src/main/AndroidManifest.xml:81:9-84:72
156            android:name="com.yalantis.ucrop.UCropActivity"
156-->src/main/AndroidManifest.xml:82:13-60
157            android:screenOrientation="portrait"
157-->src/main/AndroidManifest.xml:83:13-49
158            android:theme="@style/Theme.AppCompat.Light.NoActionBar" />
158-->src/main/AndroidManifest.xml:84:13-69
159
160        <meta-data
160-->src/main/AndroidManifest.xml:86:9-88:55
161            android:name="com.facebook.sdk.ApplicationId"
161-->src/main/AndroidManifest.xml:87:13-58
162            android:value="@string/facebook_app_id" />
162-->src/main/AndroidManifest.xml:88:13-52
163
164        <!-- A custom Android Notification Channel to deliver FCM notifications on a non-default channel -->
165        <meta-data
165-->src/main/AndroidManifest.xml:91:9-93:55
166            android:name="com.google.firebase.messaging.default_notification_channel_id"
166-->src/main/AndroidManifest.xml:92:13-89
167            android:value="high_importance_channel" />
167-->src/main/AndroidManifest.xml:93:13-52
168        <meta-data
168-->src/main/AndroidManifest.xml:95:9-97:69
169            android:name="com.google.android.gms.ads.APPLICATION_ID"
169-->src/main/AndroidManifest.xml:96:13-69
170            android:value="ca-app-pub-3940256099942544~3347511713" />
170-->src/main/AndroidManifest.xml:97:13-67
171
172        <activity
172-->src/main/AndroidManifest.xml:99:9-102:48
173            android:name="com.facebook.FacebookActivity"
173-->src/main/AndroidManifest.xml:100:13-57
174            android:configChanges="keyboard|keyboardHidden|screenLayout|screenSize|orientation"
174-->src/main/AndroidManifest.xml:101:13-96
175            android:label="@string/app_name" />
175-->src/main/AndroidManifest.xml:102:13-45
176        <activity
176-->src/main/AndroidManifest.xml:103:9-118:20
177            android:name="com.facebook.CustomTabActivity"
177-->src/main/AndroidManifest.xml:104:13-58
178            android:exported="true" >
178-->src/main/AndroidManifest.xml:105:13-36
179            <intent-filter>
179-->src/main/AndroidManifest.xml:106:13-113:29
180                <action android:name="android.intent.action.VIEW" />
180-->src/main/AndroidManifest.xml:39:13-65
180-->src/main/AndroidManifest.xml:39:21-62
181
182                <category android:name="android.intent.category.DEFAULT" />
182-->src/main/AndroidManifest.xml:109:17-76
182-->src/main/AndroidManifest.xml:109:27-73
183                <category android:name="android.intent.category.BROWSABLE" />
183-->src/main/AndroidManifest.xml:110:17-78
183-->src/main/AndroidManifest.xml:110:27-75
184
185                <data android:scheme="@string/fb_login_protocol_scheme" />
185-->src/main/AndroidManifest.xml:40:13-42
185-->src/main/AndroidManifest.xml:40:19-39
186            </intent-filter>
187            <intent-filter>
187-->src/main/AndroidManifest.xml:114:13-117:29
188                <action android:name="FLUTTER_NOTIFICATION_CLICK" />
188-->src/main/AndroidManifest.xml:115:17-69
188-->src/main/AndroidManifest.xml:115:25-66
189
190                <category android:name="android.intent.category.DEFAULT" />
190-->src/main/AndroidManifest.xml:109:17-76
190-->src/main/AndroidManifest.xml:109:27-73
191            </intent-filter>
192        </activity>
193
194        <receiver
194-->src/main/AndroidManifest.xml:119:9-121:20
195            android:name="com.dexterous.flutterlocalnotifications.ScheduledNotificationBootReceiver"
195-->src/main/AndroidManifest.xml:119:19-107
196            android:exported="true" >
196-->src/main/AndroidManifest.xml:120:13-36
197        </receiver>
198
199        <meta-data
199-->src/main/AndroidManifest.xml:86:9-88:55
200            android:name="com.facebook.sdk.ApplicationId"
200-->src/main/AndroidManifest.xml:87:13-58
201            android:value="@string/facebook_app_id" />
201-->src/main/AndroidManifest.xml:88:13-52
202        <meta-data
202-->src/main/AndroidManifest.xml:126:9-128:61
203            android:name="com.facebook.sdk.ClientToken"
203-->src/main/AndroidManifest.xml:127:13-56
204            android:value="@string/facebook_client_token" />
204-->src/main/AndroidManifest.xml:128:13-58
205
206        <service
206-->[:firebase_messaging] AndroidManifest.xml:14:9-17:72
207            android:name="io.flutter.plugins.firebase.messaging.FlutterFirebaseMessagingBackgroundService"
207-->[:firebase_messaging] AndroidManifest.xml:15:13-107
208            android:exported="false"
208-->[:firebase_messaging] AndroidManifest.xml:16:13-37
209            android:permission="android.permission.BIND_JOB_SERVICE" />
209-->[:firebase_messaging] AndroidManifest.xml:17:13-69
210        <service
210-->[:firebase_messaging] AndroidManifest.xml:18:9-24:19
211            android:name="io.flutter.plugins.firebase.messaging.FlutterFirebaseMessagingService"
211-->[:firebase_messaging] AndroidManifest.xml:19:13-97
212            android:exported="false" >
212-->[:firebase_messaging] AndroidManifest.xml:20:13-37
213            <intent-filter>
213-->[:firebase_messaging] AndroidManifest.xml:21:13-23:29
214                <action android:name="com.google.firebase.MESSAGING_EVENT" />
214-->[:firebase_messaging] AndroidManifest.xml:22:17-78
214-->[:firebase_messaging] AndroidManifest.xml:22:25-75
215            </intent-filter>
216        </service>
217
218        <receiver
218-->[:firebase_messaging] AndroidManifest.xml:26:9-33:20
219            android:name="io.flutter.plugins.firebase.messaging.FlutterFirebaseMessagingReceiver"
219-->[:firebase_messaging] AndroidManifest.xml:27:13-98
220            android:exported="true"
220-->[:firebase_messaging] AndroidManifest.xml:28:13-36
221            android:permission="com.google.android.c2dm.permission.SEND" >
221-->[:firebase_messaging] AndroidManifest.xml:29:13-73
222            <intent-filter>
222-->[:firebase_messaging] AndroidManifest.xml:30:13-32:29
223                <action android:name="com.google.android.c2dm.intent.RECEIVE" />
223-->[:firebase_messaging] AndroidManifest.xml:31:17-81
223-->[:firebase_messaging] AndroidManifest.xml:31:25-78
224            </intent-filter>
225        </receiver>
226
227        <service
227-->[:firebase_messaging] AndroidManifest.xml:35:9-39:19
228            android:name="com.google.firebase.components.ComponentDiscoveryService"
228-->[:firebase_messaging] AndroidManifest.xml:35:18-89
229            android:directBootAware="true"
229-->[com.google.firebase:firebase-common:20.4.2] AndroidManifest.xml:32:13-43
230            android:exported="false" >
230-->[com.google.firebase:firebase-analytics-ktx:21.5.0] AndroidManifest.xml:10:13-37
231            <meta-data
231-->[:firebase_messaging] AndroidManifest.xml:36:13-38:85
232                android:name="com.google.firebase.components:io.flutter.plugins.firebase.messaging.FlutterFirebaseAppRegistrar"
232-->[:firebase_messaging] AndroidManifest.xml:37:17-128
233                android:value="com.google.firebase.components.ComponentRegistrar" />
233-->[:firebase_messaging] AndroidManifest.xml:38:17-82
234            <meta-data
234-->[:cloud_firestore] AndroidManifest.xml:9:13-11:85
235                android:name="com.google.firebase.components:io.flutter.plugins.firebase.firestore.FlutterFirebaseFirestoreRegistrar"
235-->[:cloud_firestore] AndroidManifest.xml:10:17-134
236                android:value="com.google.firebase.components.ComponentRegistrar" />
236-->[:cloud_firestore] AndroidManifest.xml:11:17-82
237            <meta-data
237-->[:cloud_functions] AndroidManifest.xml:9:13-11:85
238                android:name="com.google.firebase.components:io.flutter.plugins.firebase.functions.FlutterFirebaseAppRegistrar"
238-->[:cloud_functions] AndroidManifest.xml:10:17-128
239                android:value="com.google.firebase.components.ComponentRegistrar" />
239-->[:cloud_functions] AndroidManifest.xml:11:17-82
240            <meta-data
240-->[:firebase_auth] AndroidManifest.xml:9:13-11:85
241                android:name="com.google.firebase.components:io.flutter.plugins.firebase.auth.FlutterFirebaseAuthRegistrar"
241-->[:firebase_auth] AndroidManifest.xml:10:17-124
242                android:value="com.google.firebase.components.ComponentRegistrar" />
242-->[:firebase_auth] AndroidManifest.xml:11:17-82
243            <meta-data
243-->[:firebase_storage] AndroidManifest.xml:9:13-11:85
244                android:name="com.google.firebase.components:io.flutter.plugins.firebase.storage.FlutterFirebaseAppRegistrar"
244-->[:firebase_storage] AndroidManifest.xml:10:17-126
245                android:value="com.google.firebase.components.ComponentRegistrar" />
245-->[:firebase_storage] AndroidManifest.xml:11:17-82
246            <meta-data
246-->[:firebase_core] AndroidManifest.xml:9:13-11:85
247                android:name="com.google.firebase.components:io.flutter.plugins.firebase.core.FlutterFirebaseCoreRegistrar"
247-->[:firebase_core] AndroidManifest.xml:10:17-124
248                android:value="com.google.firebase.components.ComponentRegistrar" />
248-->[:firebase_core] AndroidManifest.xml:11:17-82
249            <meta-data
249-->[com.google.firebase:firebase-analytics-ktx:21.5.0] AndroidManifest.xml:11:13-13:85
250                android:name="com.google.firebase.components:com.google.firebase.analytics.ktx.FirebaseAnalyticsLegacyRegistrar"
250-->[com.google.firebase:firebase-analytics-ktx:21.5.0] AndroidManifest.xml:12:17-129
251                android:value="com.google.firebase.components.ComponentRegistrar" />
251-->[com.google.firebase:firebase-analytics-ktx:21.5.0] AndroidManifest.xml:13:17-82
252            <meta-data
252-->[com.google.android.gms:play-services-measurement-api:21.5.0] AndroidManifest.xml:37:13-39:85
253                android:name="com.google.firebase.components:com.google.firebase.analytics.connector.internal.AnalyticsConnectorRegistrar"
253-->[com.google.android.gms:play-services-measurement-api:21.5.0] AndroidManifest.xml:38:17-139
254                android:value="com.google.firebase.components.ComponentRegistrar" />
254-->[com.google.android.gms:play-services-measurement-api:21.5.0] AndroidManifest.xml:39:17-82
255            <meta-data
255-->[com.google.firebase:firebase-firestore:24.10.1] AndroidManifest.xml:17:13-19:85
256                android:name="com.google.firebase.components:com.google.firebase.firestore.FirebaseFirestoreKtxRegistrar"
256-->[com.google.firebase:firebase-firestore:24.10.1] AndroidManifest.xml:18:17-122
257                android:value="com.google.firebase.components.ComponentRegistrar" />
257-->[com.google.firebase:firebase-firestore:24.10.1] AndroidManifest.xml:19:17-82
258            <meta-data
258-->[com.google.firebase:firebase-firestore:24.10.1] AndroidManifest.xml:20:13-22:85
259                android:name="com.google.firebase.components:com.google.firebase.firestore.FirestoreRegistrar"
259-->[com.google.firebase:firebase-firestore:24.10.1] AndroidManifest.xml:21:17-111
260                android:value="com.google.firebase.components.ComponentRegistrar" />
260-->[com.google.firebase:firebase-firestore:24.10.1] AndroidManifest.xml:22:17-82
261            <meta-data
261-->[com.google.firebase:firebase-messaging:23.4.0] AndroidManifest.xml:57:13-59:85
262                android:name="com.google.firebase.components:com.google.firebase.messaging.FirebaseMessagingKtxRegistrar"
262-->[com.google.firebase:firebase-messaging:23.4.0] AndroidManifest.xml:58:17-122
263                android:value="com.google.firebase.components.ComponentRegistrar" />
263-->[com.google.firebase:firebase-messaging:23.4.0] AndroidManifest.xml:59:17-82
264            <meta-data
264-->[com.google.firebase:firebase-messaging:23.4.0] AndroidManifest.xml:60:13-62:85
265                android:name="com.google.firebase.components:com.google.firebase.messaging.FirebaseMessagingRegistrar"
265-->[com.google.firebase:firebase-messaging:23.4.0] AndroidManifest.xml:61:17-119
266                android:value="com.google.firebase.components.ComponentRegistrar" />
266-->[com.google.firebase:firebase-messaging:23.4.0] AndroidManifest.xml:62:17-82
267            <meta-data
267-->[com.google.firebase:firebase-installations:17.2.0] AndroidManifest.xml:15:13-17:85
268                android:name="com.google.firebase.components:com.google.firebase.installations.FirebaseInstallationsKtxRegistrar"
268-->[com.google.firebase:firebase-installations:17.2.0] AndroidManifest.xml:16:17-130
269                android:value="com.google.firebase.components.ComponentRegistrar" />
269-->[com.google.firebase:firebase-installations:17.2.0] AndroidManifest.xml:17:17-82
270            <meta-data
270-->[com.google.firebase:firebase-installations:17.2.0] AndroidManifest.xml:18:13-20:85
271                android:name="com.google.firebase.components:com.google.firebase.installations.FirebaseInstallationsRegistrar"
271-->[com.google.firebase:firebase-installations:17.2.0] AndroidManifest.xml:19:17-127
272                android:value="com.google.firebase.components.ComponentRegistrar" />
272-->[com.google.firebase:firebase-installations:17.2.0] AndroidManifest.xml:20:17-82
273            <meta-data
273-->[com.google.firebase:firebase-functions:20.4.0] AndroidManifest.xml:15:13-17:85
274                android:name="com.google.firebase.components:com.google.firebase.functions.FirebaseFunctionsKtxRegistrar"
274-->[com.google.firebase:firebase-functions:20.4.0] AndroidManifest.xml:16:17-122
275                android:value="com.google.firebase.components.ComponentRegistrar" />
275-->[com.google.firebase:firebase-functions:20.4.0] AndroidManifest.xml:17:17-82
276            <meta-data
276-->[com.google.firebase:firebase-functions:20.4.0] AndroidManifest.xml:18:13-20:85
277                android:name="com.google.firebase.components:com.google.firebase.functions.FunctionsRegistrar"
277-->[com.google.firebase:firebase-functions:20.4.0] AndroidManifest.xml:19:17-111
278                android:value="com.google.firebase.components.ComponentRegistrar" />
278-->[com.google.firebase:firebase-functions:20.4.0] AndroidManifest.xml:20:17-82
279            <meta-data
279-->[com.google.firebase:firebase-storage:20.3.0] AndroidManifest.xml:30:13-32:85